app/build/intermediates/manifest_merge_blame_file/debug/manifest-merger-blame-debug-report.txt
1<?xml version="1.0" encoding="utf-8"?>
2<manifest xmlns:android="http://schemas.android.com/apk/res/android"
3    package="com.example.protelcase"
4    android:versionCode="1"
5    android:versionName="1.0" >
6
7    <uses-sdk
8        android:minSdkVersion="21"
8-->src\main\AndroidManifest.xml
9        android:targetSdkVersion="29" />
9-->src\main\AndroidManifest.xml
10
11    <uses-permission android:name="android.permission.ACCESS_NETWORK_STATE" />
11-->src\main\AndroidManifest.xml:5:5-79
11-->src\main\AndroidManifest.xml:5:22-76
12    <uses-permission android:name="android.permission.INTERNET" />
12-->src\main\AndroidManifest.xml:6:5-66
12-->src\main\AndroidManifest.xml:6:22-64
13    <uses-permission android:name="android.permission.WRITE_EXTERNAL_STORAGE" />
14    <uses-permission android:name="android.permission.READ_PHONE_STATE" />
15    <uses-permission android:name="android.permission.READ_EXTERNAL_STORAGE" />
16
17    <application
17-->src\main\AndroidManifest.xml:9:5-26:19
18        android:name="com.example.protelcase.CustomApplication"
18-->src\main\AndroidManifest.xml:13:9-42
19        android:allowBackup="true"
19-->src\main\AndroidManifest.xml:10:9-35
20        android:appComponentFactory="androidx.core.app.CoreComponentFactory"
20-->[androidx.core:core:1.3.2] AndroidManifest.xml:24:18-86
21        android:debuggable="true"
22        android:icon="@mipmap/ic_launcher"
22-->src\main\AndroidManifest.xml:11:9-43
23        android:label="@string/app_name"
23-->src\main\AndroidManifest.xml:12:9-41
24        android:roundIcon="@mipmap/ic_launcher_round"
24-->src\main\AndroidManifest.xml:15:9-54
25        android:supportsRtl="true"
25-->src\main\AndroidManifest.xml:16:9-35
26        android:testOnly="true"
27        android:theme="@style/Theme.ProtelCase"
27-->src\main\AndroidManifest.xml:17:9-48
28        android:usesCleartextTraffic="true" >
28-->src\main\AndroidManifest.xml:14:9-44
29        <activity android:name="com.example.protelcase.ui.home.HomeActivity" >
29-->src\main\AndroidManifest.xml:18:9-24:20
29-->src\main\AndroidManifest.xml:18:19-55
30            <intent-filter>
30-->src\main\AndroidManifest.xml:19:13-23:29
31                <action android:name="android.intent.action.MAIN" />
31-->src\main\AndroidManifest.xml:20:17-69
31-->src\main\AndroidManifest.xml:20:25-66
32
33                <category android:name="android.intent.category.LAUNCHER" />
33-->src\main\AndroidManifest.xml:22:17-77
33-->src\main\AndroidManifest.xml:22:27-74
34            </intent-filter>
35        </activity>
36    </application>
37
38</manifest>